<?xml version="1.0" encoding="UTF-8"?>
<coverage generated="1764421977685" clover="3.2.0">
  <project timestamp="1764421977685" name="All files">
    <metrics statements="24" coveredstatements="23" conditionals="22" coveredconditionals="18" methods="8" coveredmethods="8" elements="54" coveredelements="49" complexity="0" loc="24" ncloc="24" packages="2" files="3" classes="3"/>
    <package name="client.src.components">
      <metrics statements="10" coveredstatements="10" conditionals="14" coveredconditionals="12" methods="5" coveredmethods="5"/>
      <file name="Button.jsx" path="C:\Users\MINNEH\Desktop\Desktop\MERN\Week6\testing-and-debugging-ensuring-mern-app-reliability-He-nnim1\client\src\components\Button.jsx">
        <metrics statements="4" coveredstatements="4" conditionals="12" coveredconditionals="10" methods="1" coveredmethods="1"/>
        <line num="3" count="1" type="stmt"/>
        <line num="9" count="1" type="stmt"/>
        <line num="16" count="12" type="cond" truecount="4" falsecount="2"/>
        <line num="17" count="12" type="stmt"/>
      </file>
      <file name="ErrorBoundary.jsx" path="C:\Users\MINNEH\Desktop\Desktop\MERN\Week6\testing-and-debugging-ensuring-mern-app-reliability-He-nnim1\client\src\components\ErrorBoundary.jsx">
        <metrics statements="6" coveredstatements="6" conditionals="2" coveredconditionals="2" methods="4" coveredmethods="4"/>
        <line num="5" count="3" type="stmt"/>
        <line num="6" count="2" type="stmt"/>
        <line num="10" count="2" type="stmt"/>
        <line num="19" count="4" type="cond" truecount="2" falsecount="0"/>
        <line num="20" count="2" type="stmt"/>
        <line num="23" count="2" type="stmt"/>
      </file>
    </package>
    <package name="server.src.utils">
      <metrics statements="14" coveredstatements="13" conditionals="8" coveredconditionals="6" methods="3" coveredmethods="3"/>
      <file name="auth.js" path="C:\Users\MINNEH\Desktop\Desktop\MERN\Week6\testing-and-debugging-ensuring-mern-app-reliability-He-nnim1\server\src\utils\auth.js">
        <metrics statements="14" coveredstatements="13" conditionals="8" coveredconditionals="6" methods="3" coveredmethods="3"/>
        <line num="1" count="2" type="stmt"/>
        <line num="3" count="2" type="cond" truecount="1" falsecount="1"/>
        <line num="6" count="2" type="cond" truecount="1" falsecount="1"/>
        <line num="7" count="2" type="stmt"/>
        <line num="11" count="2" type="stmt"/>
        <line num="15" count="2" type="stmt"/>
        <line num="16" count="2" type="cond" truecount="4" falsecount="0"/>
        <line num="18" count="1" type="stmt"/>
        <line num="19" count="1" type="stmt"/>
        <line num="20" count="1" type="stmt"/>
        <line num="21" count="1" type="stmt"/>
        <line num="22" count="1" type="stmt"/>
        <line num="24" count="0" type="stmt"/>
        <line num="28" count="2" type="stmt"/>
      </file>
    </package>
  </project>
</coverage>
