TN:
SF:client\src\components\Button.jsx
FN:15,Button
FNF:1
FNH:1
FNDA:12,Button
DA:3,1
DA:9,1
DA:16,12
DA:17,12
LF:4
LH:4
BRDA:15,0,0,9
BRDA:15,1,0,9
BRDA:15,2,0,11
BRDA:15,3,0,10
BRDA:16,4,0,12
BRDA:16,4,1,0
BRDA:16,5,0,12
BRDA:16,5,1,0
BRDA:16,6,0,2
BRDA:16,6,1,10
BRDA:18,7,0,2
BRDA:18,7,1,10
BRF:12
BRH:10
end_of_record
TN:
SF:client\src\components\ErrorBoundary.jsx
FN:4,(anonymous_0)
FN:9,(anonymous_1)
FN:13,(anonymous_2)
FN:18,(anonymous_3)
FNF:4
FNH:4
FNDA:3,(anonymous_0)
FNDA:2,(anonymous_1)
FNDA:1,(anonymous_2)
FNDA:4,(anonymous_3)
DA:5,3
DA:6,2
DA:10,2
DA:19,4
DA:20,2
DA:23,2
LF:6
LH:6
BRDA:19,0,0,2
BRDA:19,0,1,2
BRF:2
BRH:2
end_of_record
TN:
SF:server\src\utils\auth.js
FN:5,generateToken
FN:10,verifyToken
FN:14,authMiddleware
FNF:3
FNH:3
FNDA:2,generateToken
FNDA:2,verifyToken
FNDA:2,authMiddleware
DA:1,2
DA:3,2
DA:6,2
DA:7,2
DA:11,2
DA:15,2
DA:16,2
DA:18,1
DA:19,1
DA:20,1
DA:21,1
DA:22,1
DA:24,0
DA:28,2
LF:14
LH:13
BRDA:3,0,0,2
BRDA:3,0,1,0
BRDA:6,1,0,2
BRDA:6,1,1,0
BRDA:16,2,0,1
BRDA:16,2,1,1
BRDA:16,3,0,2
BRDA:16,3,1,1
BRF:8
BRH:6
end_of_record
